<?xml version="1.0" encoding="UTF-8"?>
<!-- Generated by org.testng.reporters.JUnitXMLReporter -->
<testsuite ignored="0" hostname="DESKTOP-5IK2IB9" failures="1" tests="1" name="Login" time="6.708" errors="0" timestamp="2023-11-10T13:19:48 IST">
  <testcase classname="com.Testdatadriven.DataDrivenTest" name="Launchsite" time="6.668">
    <failure type="java.lang.NoSuchFieldError" message="Factory">
      <![CDATA[java.lang.NoSuchFieldError: Factory
at org.apache.poi.xssf.model.ThemesTable.readFrom(ThemesTable.java:119)
at org.apache.poi.xssf.model.ThemesTable.<init>(ThemesTable.java:87)
at org.apache.poi.ooxml.POIXMLFactory.createDocumentPart(POIXMLFactory.java:61)
at org.apache.poi.ooxml.POIXMLDocumentPart.read(POIXMLDocumentPart.java:661)
at org.apache.poi.ooxml.POIXMLDocument.load(POIXMLDocument.java:165)
at org.apache.poi.xssf.usermodel.XSSFWorkbook.<init>(XSSFWorkbook.java:260)
at org.apache.poi.xssf.usermodel.XSSFWorkbook.<init>(XSSFWorkbook.java:290)
at org.apache.poi.xssf.usermodel.XSSFWorkbook.<init>(XSSFWorkbook.java:286)
at com.excel.utility.Xls_Reader.<init>(Xls_Reader.java:38)
at com.Testdatadriven.DataDrivenTest.Launchsite(DataDrivenTest.java:34)
at java.base/java.util.ArrayList.forEach(ArrayList.java:1511)
... Removed 27 stack frames]]>
    </failure>
  </testcase> <!-- Launchsite -->
</testsuite> <!-- Login -->
